<?xml version="1.0" encoding="UTF-8"?>
<coverage generated="1576687111346" clover="3.2.0">
  <project timestamp="1576687111346" name="All files">
    <metrics statements="11" coveredstatements="11" conditionals="0" coveredconditionals="0" methods="11" coveredmethods="11" elements="22" coveredelements="22" complexity="0" loc="11" ncloc="11" packages="1" files="4" classes="4"/>
    <file name="arrays.js" path="C:\Users\Juan Mariaca\Desktop\JestExamples\Jest1\arrays.js">
      <metrics statements="2" coveredstatements="2" conditionals="0" coveredconditionals="0" methods="2" coveredmethods="2"/>
      <line num="1" count="3" type="stmt"/>
      <line num="2" count="1" type="stmt"/>
    </file>
    <file name="maths.js" path="C:\Users\Juan Mariaca\Desktop\JestExamples\Jest1\maths.js">
      <metrics statements="4" coveredstatements="4" conditionals="0" coveredconditionals="0" methods="4" coveredmethods="4"/>
      <line num="1" count="1" type="stmt"/>
      <line num="3" count="1" type="stmt"/>
      <line num="5" count="1" type="stmt"/>
      <line num="7" count="1" type="stmt"/>
    </file>
    <file name="numbers.js" path="C:\Users\Juan Mariaca\Desktop\JestExamples\Jest1\numbers.js">
      <metrics statements="1" coveredstatements="1" conditionals="0" coveredconditionals="0" methods="1" coveredmethods="1"/>
      <line num="1" count="5" type="stmt"/>
    </file>
    <file name="true.js" path="C:\Users\Juan Mariaca\Desktop\JestExamples\Jest1\true.js">
      <metrics statements="4" coveredstatements="4" conditionals="0" coveredconditionals="0" methods="4" coveredmethods="4"/>
      <line num="1" count="1" type="stmt"/>
      <line num="3" count="1" type="stmt"/>
      <line num="5" count="2" type="stmt"/>
      <line num="7" count="1" type="stmt"/>
    </file>
  </project>
</coverage>
